INFO:root:ssp started
INFO:root:ssp started
INFO:root:headers
INFO:root:headers
INFO:root:headers
INFO:root:headers
INFO:root:headers
INFO:root:headers
INFO:root:ssp started.
INFO:root:headers
INFO:root:headers
INFO:root:headers
INFO:root:headers
INFO:root:headers
INFO:root:headers
INFO:root:headers
2015-06-07 16:00:38,200 - root - INFO - ssp started.
2015-06-07 16:00:47,817 - root - INFO - headers
2015-06-07 16:00:47,846 - root - INFO - headers
2015-06-07 16:00:47,882 - root - INFO - headers
2015-06-07 16:00:47,883 - root - INFO - headers
2015-06-07 16:00:47,884 - root - INFO - headers
[2015-06-07 16:02:43,400]: INFO: ssp started.
[2015-06-07 16:02:46,638]: INFO: headers
[2015-06-07 16:02:46,666]: INFO: headers
[2015-06-07 16:02:46,668]: INFO: headers
[2015-06-07 16:02:46,672]: INFO: headers
[2015-06-07 16:02:46,674]: INFO: headers
[2015-06-07 16:14:27,705]: INFO: headers
[2015-06-07 16:14:27,921]: INFO: headers
[2015-06-07 16:14:27,922]: INFO: headers
[2015-06-07 16:14:27,924]: INFO: headers
[2015-06-07 16:14:27,935]: INFO: headers
[2015-06-07 16:14:28,247]: INFO: headers
[2015-06-07 16:15:06,502]: INFO: ssp started.
[2015-06-07 16:15:09,779]: INFO: headers
[2015-06-07 16:15:09,889]: INFO: headers
[2015-06-07 16:15:09,899]: INFO: headers
[2015-06-07 16:15:09,900]: INFO: headers
[2015-06-07 16:15:09,901]: INFO: headers
[2015-06-07 16:15:10,138]: INFO: headers
[2015-06-07 16:16:34,637]: INFO: ssp started.
[2015-06-07 16:16:37,888]: INFO: headers
[2015-06-07 16:16:38,019]: INFO: headers
[2015-06-07 16:16:38,020]: INFO: headers
[2015-06-07 16:16:38,021]: INFO: headers
[2015-06-07 16:16:38,031]: INFO: headers
[2015-06-07 16:16:38,239]: INFO: headers
[2015-06-07 16:21:13,042]: INFO: ssp started.
[2015-06-07 16:21:14,697]: INFO: headers
[2015-06-07 16:21:14,796]: INFO: headers
[2015-06-07 16:21:14,798]: INFO: headers
[2015-06-07 16:21:14,802]: INFO: headers
[2015-06-07 16:21:14,804]: INFO: headers
[2015-06-07 16:21:15,058]: INFO: headers
[2015-06-07 16:22:44,021]: INFO: headers
[2015-06-07 16:22:44,186]: INFO: headers
[2015-06-07 16:22:44,187]: INFO: headers
[2015-06-07 16:22:44,189]: INFO: headers
[2015-06-07 16:22:44,190]: INFO: headers
[2015-06-07 16:22:44,448]: INFO: headers
[2015-06-07 16:26:41,200]: INFO: headers
[2015-06-07 16:26:41,300]: INFO: headers
[2015-06-07 16:26:41,302]: INFO: headers
[2015-06-07 16:26:41,306]: INFO: headers
[2015-06-07 16:26:41,308]: INFO: headers
[2015-06-07 16:29:43,906]: INFO: ssp started.
[2015-06-07 16:29:47,867]: INFO: headers
[2015-06-07 16:29:48,001]: INFO: headers
[2015-06-07 16:29:48,002]: INFO: headers
[2015-06-07 16:29:48,004]: INFO: headers
[2015-06-07 16:29:48,006]: INFO: headers
[2015-06-07 21:42:06,351]: INFO: ssp started.
[2015-06-07 21:42:13,964]: INFO: headers
[2015-06-07 23:07:06,613]: INFO: ssp started.
[2015-06-07 23:07:09,479]: INFO: headers
[2015-06-07 23:07:39,329]: INFO: ssp started.
[2015-06-08 09:27:04,964]: INFO: ssp started.
[2015-06-08 09:27:07,270]: INFO: headers
[2015-06-08 09:29:00,791]: INFO: headers
[2015-06-08 09:29:20,435]: INFO: headers
[2015-06-08 09:29:36,728]: INFO: ssp started.
[2015-06-08 09:29:56,171]: INFO: ssp started.
[2015-06-08 09:30:00,477]: INFO: headers
[2015-06-08 09:31:41,992]: INFO: ssp started.
[2015-06-08 09:31:45,618]: INFO: headers
[2015-06-08 09:34:00,543]: INFO: ssp started.
[2015-06-08 09:34:03,351]: INFO: headers
[2015-06-08 09:35:48,505]: INFO: ssp started.
[2015-06-08 09:35:51,777]: INFO: headers
[2015-06-08 09:36:09,273]: INFO: ssp started.
[2015-06-08 09:36:33,947]: INFO: ssp started.
[2015-06-08 09:36:38,040]: INFO: headers
[2015-06-08 09:37:08,520]: INFO: ssp started.
[2015-06-08 09:38:17,628]: INFO: ssp started.
[2015-06-08 09:38:22,393]: INFO: headers
[2015-06-08 09:41:29,756]: INFO: ssp started.
[2015-06-08 09:41:34,290]: INFO: headers
[2015-06-08 09:42:09,105]: INFO: ssp started.
[2015-06-08 09:43:01,717]: INFO: ssp started.
[2015-06-08 09:43:04,683]: INFO: headers
[2015-06-08 09:44:52,157]: INFO: ssp started.
[2015-06-08 09:44:54,519]: INFO: headers
[2015-06-08 09:47:01,749]: INFO: ssp started.
[2015-06-08 09:47:06,108]: INFO: headers
[2015-06-08 09:49:29,653]: INFO: ssp started.
[2015-06-08 09:49:35,051]: INFO: headers
[2015-06-08 09:52:43,027]: INFO: ssp started.
[2015-06-08 09:52:47,108]: INFO: headers
[2015-06-08 09:56:10,135]: INFO: ssp started.
[2015-06-08 09:56:13,096]: INFO: headers
[2015-06-08 09:56:50,235]: INFO: ssp started.
[2015-06-08 09:56:51,835]: INFO: headers
[2015-06-08 10:00:14,304]: INFO: ssp started.
[2015-06-08 10:00:15,466]: INFO: headers
[2015-06-08 10:00:37,026]: INFO: ssp started.
[2015-06-08 10:01:20,382]: INFO: ssp started.
[2015-06-08 10:01:27,586]: INFO: headers
[2015-06-08 10:05:49,670]: INFO: ssp started.
[2015-06-08 10:05:52,593]: INFO: headers
[2015-06-08 10:06:51,320]: INFO: ssp started.
[2015-06-08 10:06:54,186]: INFO: headers
[2015-06-08 10:09:21,042]: INFO: ssp started.
[2015-06-08 10:09:24,792]: INFO: headers
[2015-06-08 10:14:49,214]: INFO: ssp started.
[2015-06-08 10:14:51,903]: INFO: headers
[2015-06-08 10:15:24,826]: INFO: ssp started.
[2015-06-08 11:44:02,027]: INFO: ssp started.
[2015-06-08 11:46:26,603]: INFO: headers
[2015-06-08 11:47:52,307]: INFO: headers
[2015-06-08 11:47:56,670]: INFO: ssp started.
[2015-06-08 11:47:58,714]: INFO: ssp started.
[2015-06-08 11:48:00,164]: INFO: ssp started.
[2015-06-08 11:57:39,388]: INFO: ssp started.
[2015-06-08 11:57:42,037]: INFO: headers
[2015-06-08 11:58:01,082]: INFO: ssp started.
[2015-06-08 12:00:26,377]: INFO: ssp started.
[2015-06-08 12:00:31,215]: INFO: headers
[2015-06-08 12:00:57,064]: INFO: ssp started.
[2015-06-08 12:02:08,888]: INFO: ssp started.
[2015-06-08 12:02:12,691]: INFO: headers
[2015-06-08 12:06:44,772]: INFO: ssp started.
[2015-06-08 12:06:48,142]: INFO: headers
[2015-06-08 12:07:21,669]: INFO: ssp started.
[2015-06-08 12:11:41,414]: INFO: ssp started.
[2015-06-08 12:11:44,296]: INFO: headers
[2015-06-08 12:11:44,402]: INFO: headers
[2015-06-08 12:11:44,403]: INFO: headers
[2015-06-08 12:11:44,404]: INFO: headers
[2015-06-08 12:11:44,405]: INFO: headers
[2015-06-08 12:17:17,245]: INFO: ssp started.
[2015-06-08 12:17:19,279]: INFO: headers
[2015-06-08 16:10:02,190]: INFO: ssp started.
[2015-06-08 16:10:08,435]: INFO: headers
[2015-06-08 16:10:08,547]: INFO: headers
[2015-06-08 16:11:31,802]: INFO: ssp started.
[2015-06-08 16:11:35,340]: INFO: headers
[2015-06-08 16:12:22,843]: INFO: ssp started.
[2015-06-08 16:12:28,270]: INFO: headers
[2015-06-08 20:57:21,858]: INFO: ssp started.
[2015-06-08 20:57:31,220]: INFO: headers
[2015-06-08 20:57:31,324]: INFO: headers
[2015-06-08 20:57:31,352]: INFO: headers
[2015-06-08 20:58:21,153]: INFO: ssp started.
[2015-06-08 20:58:23,603]: INFO: headers
[2015-06-12 10:49:36,111]: INFO: ssp started.
[2015-06-12 10:49:48,371]: INFO: ssp started.
[2015-06-12 10:50:17,457]: INFO: ssp started.
[2015-06-12 10:50:35,957]: INFO: ssp started.
[2015-06-12 10:51:14,175]: INFO: ssp started.
[2015-06-12 10:53:18,934]: INFO: ssp started.
